<?xml version="1.0" encoding="UTF-8"?>
<testsuite xmlns:xsi="http://www.w3.org/2001/XMLSchema-instance" xsi:noNamespaceSchemaLocation="https://maven.apache.org/surefire/maven-surefire-plugin/xsd/surefire-test-report-3.0.xsd" version="3.0" name="TestSuite" time="259.678" tests="12" errors="0" skipped="0" failures="0">
  <properties>
[...]
</properties>
  <testcase name="NewCustomerpageTitleTest" classname="com.gb.TestCases.NewCustomerPageTest" time="2.111">
    <system-out><![CDATA[Guru99 Bank New Customer Entry Page
]]></system-out>
    <system-err><![CDATA[SLF4J: Failed to load class "org.slf4j.impl.StaticLoggerBinder".
SLF4J: Defaulting to no-operation (NOP) logger implementation
SLF4J: See http://www.slf4j.org/codes.html#StaticLoggerBinder for further details.
Jul 20, 2023 9:52:37 AM org.openqa.selenium.remote.service.DriverService$Builder getLogOutput
INFO: Driver logs no longer sent to console by default; https://www.selenium.dev/documentation/webdriver/drivers/service/#setting-log-output
]]></system-err>
  </testcase>
  <testcase name="Validatecreatenewcustomer[Von, 06/09/1889, 54 Loeprich Road, Concord, California, 945222.0, 7.89456124E9, vswadlen9@oracle.com, Wu77HdnuQTa](1)" classname="com.gb.TestCases.NewCustomerPageTest" time="3.2">
    <system-err><![CDATA[Jul 20, 2023 9:53:05 AM org.openqa.selenium.remote.service.DriverService$Builder getLogOutput
INFO: Driver logs no longer sent to console by default; https://www.selenium.dev/documentation/webdriver/drivers/service/#setting-log-output
]]></system-err>
  </testcase>
  <testcase name="Validatecreatenewcustomer[Aila, 06/09/1890, 8 Dorton Circle, Toledo, Ohio, 433610.0, 7.894561241E9, alogiea@themeforest.net, 0HHR5QD1D](2)" classname="com.gb.TestCases.NewCustomerPageTest" time="2.379">
    <system-err><![CDATA[Jul 20, 2023 9:53:25 AM org.openqa.selenium.remote.service.DriverService$Builder getLogOutput
INFO: Driver logs no longer sent to console by default; https://www.selenium.dev/documentation/webdriver/drivers/service/#setting-log-output
]]></system-err>
  </testcase>
  <testcase name="Validatecreatenewcustomer[Sol, 06/09/1891, 925 Summit Alley, New York City, New York, 436140.0, 7.894561242E9, smccutheonb@disqus.com, o7taLna45Se](3)" classname="com.gb.TestCases.NewCustomerPageTest" time="11.078">
    <system-err><![CDATA[Jul 20, 2023 9:53:44 AM org.openqa.selenium.remote.service.DriverService$Builder getLogOutput
INFO: Driver logs no longer sent to console by default; https://www.selenium.dev/documentation/webdriver/drivers/service/#setting-log-output
]]></system-err>
  </testcase>
  <testcase name="Validatecreatenewcustomer[Fanechka, 06/09/1892, 18043 Ridgeview Trail, Jacksonville, Florida, 435610.0, 7.894561243E9, fbraunleinc@joomla.org, 2QwUhocx](4)" classname="com.gb.TestCases.NewCustomerPageTest" time="2.434">
    <system-err><![CDATA[Jul 20, 2023 9:54:16 AM org.openqa.selenium.remote.service.DriverService$Builder getLogOutput
INFO: Driver logs no longer sent to console by default; https://www.selenium.dev/documentation/webdriver/drivers/service/#setting-log-output
]]></system-err>
  </testcase>
  <testcase name="Validatecreatenewcustomer[Marissa, 06/09/1893, 46580 Meadow Valley Way, Fort Lauderdale, Florida, 436610.0, 7.894561244E9, mnicklend@mapy.cz, YtMPPVM0](5)" classname="com.gb.TestCases.NewCustomerPageTest" time="3.799">
    <system-err><![CDATA[Jul 20, 2023 9:54:33 AM org.openqa.selenium.remote.service.DriverService$Builder getLogOutput
INFO: Driver logs no longer sent to console by default; https://www.selenium.dev/documentation/webdriver/drivers/service/#setting-log-output
]]></system-err>
  </testcase>
  <testcase name="verifyManagerHomePageTitleTest" classname="com.gb.TestCases.HomePageTest" time="0.011">
    <system-err><![CDATA[Jul 20, 2023 9:54:53 AM org.openqa.selenium.remote.service.DriverService$Builder getLogOutput
INFO: Driver logs no longer sent to console by default; https://www.selenium.dev/documentation/webdriver/drivers/service/#setting-log-output
]]></system-err>
  </testcase>
  <testcase name="verifyManagerHomepageHeadingTest" classname="com.gb.TestCases.HomePageTest" time="0.184">
    <system-out><![CDATA[Welcome To Manager's Page of Guru99 Bank
]]></system-out>
    <system-err><![CDATA[Jul 20, 2023 9:55:12 AM org.openqa.selenium.remote.service.DriverService$Builder getLogOutput
INFO: Driver logs no longer sent to console by default; https://www.selenium.dev/documentation/webdriver/drivers/service/#setting-log-output
]]></system-err>
  </testcase>
  <testcase name="verifyManagerIdTest" classname="com.gb.TestCases.HomePageTest" time="0.161">
    <system-out><![CDATA[Manger Id : mngr515536
]]></system-out>
    <system-err><![CDATA[Jul 20, 2023 9:55:29 AM org.openqa.selenium.remote.service.DriverService$Builder getLogOutput
INFO: Driver logs no longer sent to console by default; https://www.selenium.dev/documentation/webdriver/drivers/service/#setting-log-output
]]></system-err>
  </testcase>
  <testcase name="loginTest" classname="com.gb.TestCases.LoginPageTest" time="3.711">
    <system-err><![CDATA[Jul 20, 2023 9:55:46 AM org.openqa.selenium.remote.service.DriverService$Builder getLogOutput
INFO: Driver logs no longer sent to console by default; https://www.selenium.dev/documentation/webdriver/drivers/service/#setting-log-output
]]></system-err>
  </testcase>
  <testcase name="loginPageTitleTest" classname="com.gb.TestCases.LoginPageTest" time="6.017">
    <system-err><![CDATA[Jul 20, 2023 9:56:06 AM org.openqa.selenium.remote.service.DriverService$Builder getLogOutput
INFO: Driver logs no longer sent to console by default; https://www.selenium.dev/documentation/webdriver/drivers/service/#setting-log-output
]]></system-err>
  </testcase>
  <testcase name="GuruLoginPageHeaderTest" classname="com.gb.TestCases.LoginPageTest" time="0.04">
    <system-err><![CDATA[Jul 20, 2023 9:56:31 AM org.openqa.selenium.remote.service.DriverService$Builder getLogOutput
INFO: Driver logs no longer sent to console by default; https://www.selenium.dev/documentation/webdriver/drivers/service/#setting-log-output
]]></system-err>
  </testcase>
</testsuite>