<?xml version="1.0" encoding="UTF-8"?>
<testng-results ignored="0" total="12" passed="12" failed="0" skipped="0">
  <reporter-output>
  </reporter-output>
  <suite started-at="2023-07-20T09:52:37 IST" name="Guru_BankTestAutomationSuite" finished-at="2023-07-20T09:56:55 IST" duration-ms="258031">
    <groups>
    </groups>
    <test started-at="2023-07-20T09:52:37 IST" name="Test" finished-at="2023-07-20T09:56:55 IST" duration-ms="258031">
      <class name="com.gb.TestCases.LoginPageTest">
        <test-method is-config="true" signature="setUp()[pri:0, instance:com.gb.TestCases.LoginPageTest@6adbc9d]" started-at="2023-07-20T09:55:46 IST" name="setUp" finished-at="2023-07-20T09:56:00 IST" duration-ms="14378" status="PASS">
          <reporter-output>
          </reporter-output>
        </test-method> <!-- setUp -->
        <test-method signature="loginTest()[pri:1, instance:com.gb.TestCases.LoginPageTest@6adbc9d]" started-at="2023-07-20T09:56:00 IST" name="loginTest" finished-at="2023-07-20T09:56:04 IST" duration-ms="3715" status="PASS">
          <reporter-output>
          </reporter-output>
        </test-method> <!-- loginTest -->
        <test-method is-config="true" signature="tearDown()[pri:0, instance:com.gb.TestCases.LoginPageTest@6adbc9d]" started-at="2023-07-20T09:56:04 IST" name="tearDown" finished-at="2023-07-20T09:56:06 IST" duration-ms="1833" status="PASS">
          <reporter-output>
          </reporter-output>
        </test-method> <!-- tearDown -->
        <test-method is-config="true" signature="setUp()[pri:0, instance:com.gb.TestCases.LoginPageTest@6adbc9d]" started-at="2023-07-20T09:56:06 IST" name="setUp" finished-at="2023-07-20T09:56:23 IST" duration-ms="16971" status="PASS">
          <reporter-output>
          </reporter-output>
        </test-method> <!-- setUp -->
        <test-method signature="loginPageTitleTest()[pri:2, instance:com.gb.TestCases.LoginPageTest@6adbc9d]" started-at="2023-07-20T09:56:23 IST" name="loginPageTitleTest" finished-at="2023-07-20T09:56:29 IST" duration-ms="6017" status="PASS">
          <reporter-output>
          </reporter-output>
        </test-method> <!-- loginPageTitleTest -->
        <test-method is-config="true" signature="tearDown()[pri:0, instance:com.gb.TestCases.LoginPageTest@6adbc9d]" started-at="2023-07-20T09:56:29 IST" name="tearDown" finished-at="2023-07-20T09:56:31 IST" duration-ms="1909" status="PASS">
          <reporter-output>
          </reporter-output>
        </test-method> <!-- tearDown -->
        <test-method is-config="true" signature="setUp()[pri:0, instance:com.gb.TestCases.LoginPageTest@6adbc9d]" started-at="2023-07-20T09:56:31 IST" name="setUp" finished-at="2023-07-20T09:56:53 IST" duration-ms="22205" status="PASS">
          <reporter-output>
          </reporter-output>
        </test-method> <!-- setUp -->
        <test-method signature="GuruLoginPageHeaderTest()[pri:3, instance:com.gb.TestCases.LoginPageTest@6adbc9d]" started-at="2023-07-20T09:56:53 IST" name="GuruLoginPageHeaderTest" finished-at="2023-07-20T09:56:53 IST" duration-ms="40" status="PASS">
          <reporter-output>
          </reporter-output>
        </test-method> <!-- GuruLoginPageHeaderTest -->
        <test-method is-config="true" signature="tearDown()[pri:0, instance:com.gb.TestCases.LoginPageTest@6adbc9d]" started-at="2023-07-20T09:56:53 IST" name="tearDown" finished-at="2023-07-20T09:56:55 IST" duration-ms="1752" status="PASS">
          <reporter-output>
          </reporter-output>
        </test-method> <!-- tearDown -->
      </class> <!-- com.gb.TestCases.LoginPageTest -->
      <class name="com.gb.TestCases.NewCustomerPageTest">
        <test-method is-config="true" signature="setUp()[pri:0, instance:com.gb.TestCases.NewCustomerPageTest@6379eb]" started-at="2023-07-20T09:52:37 IST" name="setUp" finished-at="2023-07-20T09:53:00 IST" duration-ms="22856" status="PASS">
          <reporter-output>
          </reporter-output>
        </test-method> <!-- setUp -->
        <test-method signature="NewCustomerpageTitleTest()[pri:1, instance:com.gb.TestCases.NewCustomerPageTest@6379eb]" started-at="2023-07-20T09:53:00 IST" name="NewCustomerpageTitleTest" finished-at="2023-07-20T09:53:02 IST" duration-ms="2109" status="PASS">
          <reporter-output>
          </reporter-output>
        </test-method> <!-- NewCustomerpageTitleTest -->
        <test-method is-config="true" signature="tearDown()[pri:0, instance:com.gb.TestCases.NewCustomerPageTest@6379eb]" started-at="2023-07-20T09:53:02 IST" name="tearDown" finished-at="2023-07-20T09:53:04 IST" duration-ms="2217" status="PASS">
          <reporter-output>
          </reporter-output>
        </test-method> <!-- tearDown -->
        <test-method is-config="true" signature="setUp()[pri:0, instance:com.gb.TestCases.NewCustomerPageTest@6379eb]" started-at="2023-07-20T09:53:05 IST" name="setUp" finished-at="2023-07-20T09:53:20 IST" duration-ms="14979" status="PASS">
          <reporter-output>
          </reporter-output>
        </test-method> <!-- setUp -->
        <test-method signature="Validatecreatenewcustomer(java.lang.String,java.lang.String,java.lang.String,java.lang.String,java.lang.String,java.lang.String,java.lang.String,java.lang.String,java.lang.String)[pri:2, instance:com.gb.TestCases.NewCustomerPageTest@6379eb]" started-at="2023-07-20T09:53:20 IST" name="Validatecreatenewcustomer" data-provider="getGuruBankTestData" finished-at="2023-07-20T09:53:23 IST" duration-ms="3201" status="PASS">
          <params>
            <param index="0">
              <value>
                <![CDATA[Von]]>
              </value>
            </param>
            <param index="1">
              <value>
                <![CDATA[06/09/1889]]>
              </value>
            </param>
            <param index="2">
              <value>
                <![CDATA[54 Loeprich Road]]>
              </value>
            </param>
            <param index="3">
              <value>
                <![CDATA[Concord]]>
              </value>
            </param>
            <param index="4">
              <value>
                <![CDATA[California]]>
              </value>
            </param>
            <param index="5">
              <value>
                <![CDATA[945222.0]]>
              </value>
            </param>
            <param index="6">
              <value>
                <![CDATA[7.89456124E9]]>
              </value>
            </param>
            <param index="7">
              <value>
                <![CDATA[vswadlen9@oracle.com]]>
              </value>
            </param>
            <param index="8">
              <value>
                <![CDATA[Wu77HdnuQTa]]>
              </value>
            </param>
          </params>
          <reporter-output>
          </reporter-output>
        </test-method> <!-- Validatecreatenewcustomer -->
        <test-method is-config="true" signature="tearDown()[pri:0, instance:com.gb.TestCases.NewCustomerPageTest@6379eb]" started-at="2023-07-20T09:53:23 IST" name="tearDown" finished-at="2023-07-20T09:53:25 IST" duration-ms="1751" status="PASS">
          <reporter-output>
          </reporter-output>
        </test-method> <!-- tearDown -->
        <test-method is-config="true" signature="setUp()[pri:0, instance:com.gb.TestCases.NewCustomerPageTest@6379eb]" started-at="2023-07-20T09:53:25 IST" name="setUp" finished-at="2023-07-20T09:53:39 IST" duration-ms="14562" status="PASS">
          <reporter-output>
          </reporter-output>
        </test-method> <!-- setUp -->
        <test-method signature="Validatecreatenewcustomer(java.lang.String,java.lang.String,java.lang.String,java.lang.String,java.lang.String,java.lang.String,java.lang.String,java.lang.String,java.lang.String)[pri:2, instance:com.gb.TestCases.NewCustomerPageTest@6379eb]" started-at="2023-07-20T09:53:39 IST" name="Validatecreatenewcustomer" data-provider="getGuruBankTestData" finished-at="2023-07-20T09:53:42 IST" duration-ms="2379" status="PASS">
          <params>
            <param index="0">
              <value>
                <![CDATA[Aila]]>
              </value>
            </param>
            <param index="1">
              <value>
                <![CDATA[06/09/1890]]>
              </value>
            </param>
            <param index="2">
              <value>
                <![CDATA[8 Dorton Circle]]>
              </value>
            </param>
            <param index="3">
              <value>
                <![CDATA[Toledo]]>
              </value>
            </param>
            <param index="4">
              <value>
                <![CDATA[Ohio]]>
              </value>
            </param>
            <param index="5">
              <value>
                <![CDATA[433610.0]]>
              </value>
            </param>
            <param index="6">
              <value>
                <![CDATA[7.894561241E9]]>
              </value>
            </param>
            <param index="7">
              <value>
                <![CDATA[alogiea@themeforest.net]]>
              </value>
            </param>
            <param index="8">
              <value>
                <![CDATA[0HHR5QD1D]]>
              </value>
            </param>
          </params>
          <reporter-output>
          </reporter-output>
        </test-method> <!-- Validatecreatenewcustomer -->
        <test-method is-config="true" signature="tearDown()[pri:0, instance:com.gb.TestCases.NewCustomerPageTest@6379eb]" started-at="2023-07-20T09:53:42 IST" name="tearDown" finished-at="2023-07-20T09:53:44 IST" duration-ms="1682" status="PASS">
          <reporter-output>
          </reporter-output>
        </test-method> <!-- tearDown -->
        <test-method is-config="true" signature="setUp()[pri:0, instance:com.gb.TestCases.NewCustomerPageTest@6379eb]" started-at="2023-07-20T09:53:44 IST" name="setUp" finished-at="2023-07-20T09:54:03 IST" duration-ms="19287" status="PASS">
          <reporter-output>
          </reporter-output>
        </test-method> <!-- setUp -->
        <test-method signature="Validatecreatenewcustomer(java.lang.String,java.lang.String,java.lang.String,java.lang.String,java.lang.String,java.lang.String,java.lang.String,java.lang.String,java.lang.String)[pri:2, instance:com.gb.TestCases.NewCustomerPageTest@6379eb]" started-at="2023-07-20T09:54:03 IST" name="Validatecreatenewcustomer" data-provider="getGuruBankTestData" finished-at="2023-07-20T09:54:14 IST" duration-ms="11079" status="PASS">
          <params>
            <param index="0">
              <value>
                <![CDATA[Sol]]>
              </value>
            </param>
            <param index="1">
              <value>
                <![CDATA[06/09/1891]]>
              </value>
            </param>
            <param index="2">
              <value>
                <![CDATA[925 Summit Alley]]>
              </value>
            </param>
            <param index="3">
              <value>
                <![CDATA[New York City]]>
              </value>
            </param>
            <param index="4">
              <value>
                <![CDATA[New York]]>
              </value>
            </param>
            <param index="5">
              <value>
                <![CDATA[436140.0]]>
              </value>
            </param>
            <param index="6">
              <value>
                <![CDATA[7.894561242E9]]>
              </value>
            </param>
            <param index="7">
              <value>
                <![CDATA[smccutheonb@disqus.com]]>
              </value>
            </param>
            <param index="8">
              <value>
                <![CDATA[o7taLna45Se]]>
              </value>
            </param>
          </params>
          <reporter-output>
          </reporter-output>
        </test-method> <!-- Validatecreatenewcustomer -->
        <test-method is-config="true" signature="tearDown()[pri:0, instance:com.gb.TestCases.NewCustomerPageTest@6379eb]" started-at="2023-07-20T09:54:14 IST" name="tearDown" finished-at="2023-07-20T09:54:16 IST" duration-ms="1725" status="PASS">
          <reporter-output>
          </reporter-output>
        </test-method> <!-- tearDown -->
        <test-method is-config="true" signature="setUp()[pri:0, instance:com.gb.TestCases.NewCustomerPageTest@6379eb]" started-at="2023-07-20T09:54:16 IST" name="setUp" finished-at="2023-07-20T09:54:29 IST" duration-ms="13519" status="PASS">
          <reporter-output>
          </reporter-output>
        </test-method> <!-- setUp -->
        <test-method signature="Validatecreatenewcustomer(java.lang.String,java.lang.String,java.lang.String,java.lang.String,java.lang.String,java.lang.String,java.lang.String,java.lang.String,java.lang.String)[pri:2, instance:com.gb.TestCases.NewCustomerPageTest@6379eb]" started-at="2023-07-20T09:54:29 IST" name="Validatecreatenewcustomer" data-provider="getGuruBankTestData" finished-at="2023-07-20T09:54:32 IST" duration-ms="2433" status="PASS">
          <params>
            <param index="0">
              <value>
                <![CDATA[Fanechka]]>
              </value>
            </param>
            <param index="1">
              <value>
                <![CDATA[06/09/1892]]>
              </value>
            </param>
            <param index="2">
              <value>
                <![CDATA[18043 Ridgeview Trail]]>
              </value>
            </param>
            <param index="3">
              <value>
                <![CDATA[Jacksonville]]>
              </value>
            </param>
            <param index="4">
              <value>
                <![CDATA[Florida]]>
              </value>
            </param>
            <param index="5">
              <value>
                <![CDATA[435610.0]]>
              </value>
            </param>
            <param index="6">
              <value>
                <![CDATA[7.894561243E9]]>
              </value>
            </param>
            <param index="7">
              <value>
                <![CDATA[fbraunleinc@joomla.org]]>
              </value>
            </param>
            <param index="8">
              <value>
                <![CDATA[2QwUhocx]]>
              </value>
            </param>
          </params>
          <reporter-output>
          </reporter-output>
        </test-method> <!-- Validatecreatenewcustomer -->
        <test-method is-config="true" signature="tearDown()[pri:0, instance:com.gb.TestCases.NewCustomerPageTest@6379eb]" started-at="2023-07-20T09:54:32 IST" name="tearDown" finished-at="2023-07-20T09:54:33 IST" duration-ms="1651" status="PASS">
          <reporter-output>
          </reporter-output>
        </test-method> <!-- tearDown -->
        <test-method is-config="true" signature="setUp()[pri:0, instance:com.gb.TestCases.NewCustomerPageTest@6379eb]" started-at="2023-07-20T09:54:33 IST" name="setUp" finished-at="2023-07-20T09:54:47 IST" duration-ms="14160" status="PASS">
          <reporter-output>
          </reporter-output>
        </test-method> <!-- setUp -->
        <test-method signature="Validatecreatenewcustomer(java.lang.String,java.lang.String,java.lang.String,java.lang.String,java.lang.String,java.lang.String,java.lang.String,java.lang.String,java.lang.String)[pri:2, instance:com.gb.TestCases.NewCustomerPageTest@6379eb]" started-at="2023-07-20T09:54:47 IST" name="Validatecreatenewcustomer" data-provider="getGuruBankTestData" finished-at="2023-07-20T09:54:51 IST" duration-ms="3790" status="PASS">
          <params>
            <param index="0">
              <value>
                <![CDATA[Marissa]]>
              </value>
            </param>
            <param index="1">
              <value>
                <![CDATA[06/09/1893]]>
              </value>
            </param>
            <param index="2">
              <value>
                <![CDATA[46580 Meadow Valley Way]]>
              </value>
            </param>
            <param index="3">
              <value>
                <![CDATA[Fort Lauderdale]]>
              </value>
            </param>
            <param index="4">
              <value>
                <![CDATA[Florida]]>
              </value>
            </param>
            <param index="5">
              <value>
                <![CDATA[436610.0]]>
              </value>
            </param>
            <param index="6">
              <value>
                <![CDATA[7.894561244E9]]>
              </value>
            </param>
            <param index="7">
              <value>
                <![CDATA[mnicklend@mapy.cz]]>
              </value>
            </param>
            <param index="8">
              <value>
                <![CDATA[YtMPPVM0]]>
              </value>
            </param>
          </params>
          <reporter-output>
          </reporter-output>
        </test-method> <!-- Validatecreatenewcustomer -->
        <test-method is-config="true" signature="tearDown()[pri:0, instance:com.gb.TestCases.NewCustomerPageTest@6379eb]" started-at="2023-07-20T09:54:51 IST" name="tearDown" finished-at="2023-07-20T09:54:53 IST" duration-ms="1767" status="PASS">
          <reporter-output>
          </reporter-output>
        </test-method> <!-- tearDown -->
      </class> <!-- com.gb.TestCases.NewCustomerPageTest -->
      <class name="com.gb.TestCases.HomePageTest">
        <test-method is-config="true" signature="setUp()[pri:0, instance:com.gb.TestCases.HomePageTest@c8c12ac]" started-at="2023-07-20T09:54:53 IST" name="setUp" finished-at="2023-07-20T09:55:10 IST" duration-ms="16887" status="PASS">
          <reporter-output>
          </reporter-output>
        </test-method> <!-- setUp -->
        <test-method signature="verifyManagerHomePageTitleTest()[pri:1, instance:com.gb.TestCases.HomePageTest@c8c12ac]" started-at="2023-07-20T09:55:10 IST" name="verifyManagerHomePageTitleTest" finished-at="2023-07-20T09:55:10 IST" duration-ms="10" status="PASS">
          <reporter-output>
          </reporter-output>
        </test-method> <!-- verifyManagerHomePageTitleTest -->
        <test-method is-config="true" signature="tearDown()[pri:0, instance:com.gb.TestCases.HomePageTest@c8c12ac]" started-at="2023-07-20T09:55:10 IST" name="tearDown" finished-at="2023-07-20T09:55:12 IST" duration-ms="1866" status="PASS">
          <reporter-output>
          </reporter-output>
        </test-method> <!-- tearDown -->
        <test-method is-config="true" signature="setUp()[pri:0, instance:com.gb.TestCases.HomePageTest@c8c12ac]" started-at="2023-07-20T09:55:12 IST" name="setUp" finished-at="2023-07-20T09:55:27 IST" duration-ms="15542" status="PASS">
          <reporter-output>
          </reporter-output>
        </test-method> <!-- setUp -->
        <test-method signature="verifyManagerHomepageHeadingTest()[pri:2, instance:com.gb.TestCases.HomePageTest@c8c12ac]" started-at="2023-07-20T09:55:27 IST" name="verifyManagerHomepageHeadingTest" finished-at="2023-07-20T09:55:27 IST" duration-ms="180" status="PASS">
          <reporter-output>
          </reporter-output>
        </test-method> <!-- verifyManagerHomepageHeadingTest -->
        <test-method is-config="true" signature="tearDown()[pri:0, instance:com.gb.TestCases.HomePageTest@c8c12ac]" started-at="2023-07-20T09:55:27 IST" name="tearDown" finished-at="2023-07-20T09:55:29 IST" duration-ms="1905" status="PASS">
          <reporter-output>
          </reporter-output>
        </test-method> <!-- tearDown -->
        <test-method is-config="true" signature="setUp()[pri:0, instance:com.gb.TestCases.HomePageTest@c8c12ac]" started-at="2023-07-20T09:55:29 IST" name="setUp" finished-at="2023-07-20T09:55:44 IST" duration-ms="14492" status="PASS">
          <reporter-output>
          </reporter-output>
        </test-method> <!-- setUp -->
        <test-method signature="verifyManagerIdTest()[pri:3, instance:com.gb.TestCases.HomePageTest@c8c12ac]" started-at="2023-07-20T09:55:44 IST" name="verifyManagerIdTest" finished-at="2023-07-20T09:55:44 IST" duration-ms="147" status="PASS">
          <reporter-output>
          </reporter-output>
        </test-method> <!-- verifyManagerIdTest -->
        <test-method is-config="true" signature="tearDown()[pri:0, instance:com.gb.TestCases.HomePageTest@c8c12ac]" started-at="2023-07-20T09:55:44 IST" name="tearDown" finished-at="2023-07-20T09:55:46 IST" duration-ms="2025" status="PASS">
          <reporter-output>
          </reporter-output>
        </test-method> <!-- tearDown -->
      </class> <!-- com.gb.TestCases.HomePageTest -->
    </test> <!-- Test -->
  </suite> <!-- Guru_BankTestAutomationSuite -->
</testng-results>
